build/intermediates/manifest_merge_blame_file/debug/manifest-merger-blame-debug-report.txt
1<?xml version="1.0" encoding="utf-8"?>
2<manifest xmlns:android="http://schemas.android.com/apk/res/android"
3    package="com.example.miaplicacionmovil"
4    android:versionCode="1"
5    android:versionName="1.0" >
6
7    <uses-sdk
8        android:minSdkVersion="24"
9        android:targetSdkVersion="34" />
10
11    <uses-permission android:name="android.permission.CAMERA" />
11-->src\main\AndroidManifest.xml:5:5-65
11-->src\main\AndroidManifest.xml:5:22-62
12    <uses-permission android:name="android.permission.RECORD_AUDIO" />
12-->src\main\AndroidManifest.xml:6:5-71
12-->src\main\AndroidManifest.xml:6:22-68
13
14    <uses-feature
14-->src\main\AndroidManifest.xml:8:5-10:36
15        android:name="android.hardware.camera"
15-->src\main\AndroidManifest.xml:9:9-47
16        android:required="false" /> <!-- Permiso para acceder a la ubicación precisa -->
16-->src\main\AndroidManifest.xml:10:9-33
17    <uses-permission android:name="android.permission.ACCESS_FINE_LOCATION" /> <!-- Permiso para acceder a la ubicación aproximada -->
17-->src\main\AndroidManifest.xml:11:5-79
17-->src\main\AndroidManifest.xml:11:22-76
18    <uses-permission android:name="android.permission.ACCESS_COARSE_LOCATION" /> <!-- Permiso para usar giroscopio del dispositivo -->
18-->src\main\AndroidManifest.xml:12:5-81
18-->src\main\AndroidManifest.xml:12:22-78
19    <uses-permission android:name="android.permission.WRITE_SETTINGS" />
19-->src\main\AndroidManifest.xml:13:5-73
19-->src\main\AndroidManifest.xml:13:22-70
20
21    <uses-feature
21-->src\main\AndroidManifest.xml:15:5-17:36
22        android:name="android.hardware.sensor.gyroscope"
22-->src\main\AndroidManifest.xml:16:9-57
23        android:required="false" />
23-->src\main\AndroidManifest.xml:17:9-33
24
25    <!-- Include required permissions for Google Maps API to run. -->
26    <uses-permission android:name="android.permission.ACCESS_NETWORK_STATE" />
26-->[com.google.android.gms:play-services-maps:18.2.0] AndroidManifest.xml:23:5-79
26-->[com.google.android.gms:play-services-maps:18.2.0] AndroidManifest.xml:23:22-76
27    <uses-permission android:name="android.permission.INTERNET" />
27-->[com.google.android.gms:play-services-maps:18.2.0] AndroidManifest.xml:24:5-67
27-->[com.google.android.gms:play-services-maps:18.2.0] AndroidManifest.xml:24:22-64
28
29    <uses-feature
29-->[com.google.android.gms:play-services-maps:18.2.0] AndroidManifest.xml:26:5-28:35
30        android:glEsVersion="0x00020000"
30-->[com.google.android.gms:play-services-maps:18.2.0] AndroidManifest.xml:27:9-41
31        android:required="true" />
31-->[com.google.android.gms:play-services-maps:18.2.0] AndroidManifest.xml:28:9-32
32
33    <queries>
33-->[com.google.android.gms:play-services-maps:18.2.0] AndroidManifest.xml:30:5-34:15
34
35        <!-- Needs to be explicitly declared on Android R+ -->
36        <package android:name="com.google.android.apps.maps" />
36-->[com.google.android.gms:play-services-maps:18.2.0] AndroidManifest.xml:33:9-64
36-->[com.google.android.gms:play-services-maps:18.2.0] AndroidManifest.xml:33:18-61
37    </queries>
38
39    <permission
39-->[androidx.core:core:1.12.0] AndroidManifest.xml:22:5-24:47
40        android:name="com.example.miaplicacionmovil.DYNAMIC_RECEIVER_NOT_EXPORTED_PERMISSION"
40-->[androidx.core:core:1.12.0] AndroidManifest.xml:23:9-81
41        android:protectionLevel="signature" />
41-->[androidx.core:core:1.12.0] AndroidManifest.xml:24:9-44
42
43    <uses-permission android:name="com.example.miaplicacionmovil.DYNAMIC_RECEIVER_NOT_EXPORTED_PERMISSION" />
43-->[androidx.core:core:1.12.0] AndroidManifest.xml:26:5-97
43-->[androidx.core:core:1.12.0] AndroidManifest.xml:26:22-94
44
45    <application
45-->src\main\AndroidManifest.xml:19:5-93:19
46        android:allowBackup="true"
46-->src\main\AndroidManifest.xml:20:9-35
47        android:appComponentFactory="androidx.core.app.CoreComponentFactory"
47-->[androidx.core:core:1.12.0] AndroidManifest.xml:28:18-86
48        android:dataExtractionRules="@xml/data_extraction_rules"
48-->src\main\AndroidManifest.xml:21:9-65
49        android:debuggable="true"
50        android:extractNativeLibs="false"
51        android:fullBackupContent="@xml/backup_rules"
51-->src\main\AndroidManifest.xml:22:9-54
52        android:icon="@drawable/logoapp"
52-->src\main\AndroidManifest.xml:23:9-41
53        android:label="@string/app_name"
53-->src\main\AndroidManifest.xml:24:9-41
54        android:roundIcon="@drawable/logoapp"
54-->src\main\AndroidManifest.xml:25:9-46
55        android:supportsRtl="true"
55-->src\main\AndroidManifest.xml:26:9-35
56        android:testOnly="true"
57        android:theme="@style/Theme.MiAplicacionMovil" >
57-->src\main\AndroidManifest.xml:27:9-55
58        <activity
58-->src\main\AndroidManifest.xml:29:9-32:46
59            android:name="com.example.miaplicacionmovil.RouteFacultySelectedActivity"
59-->src\main\AndroidManifest.xml:30:13-57
60            android:exported="false"
60-->src\main\AndroidManifest.xml:31:13-37
61            android:theme="@style/AppTheme" />
61-->src\main\AndroidManifest.xml:32:13-44
62
63        <meta-data
63-->src\main\AndroidManifest.xml:34:9-36:55
64            android:name="com.google.android.geo.API_KEY"
64-->src\main\AndroidManifest.xml:35:13-58
65            android:value="@string/google_maps_key" />
65-->src\main\AndroidManifest.xml:36:13-52
66
67        <activity
67-->src\main\AndroidManifest.xml:38:9-41:46
68            android:name="com.example.miaplicacionmovil.VisualizarFacultadActivity"
68-->src\main\AndroidManifest.xml:39:13-55
69            android:exported="false"
69-->src\main\AndroidManifest.xml:40:13-37
70            android:theme="@style/AppTheme" />
70-->src\main\AndroidManifest.xml:41:13-44
71        <activity
71-->src\main\AndroidManifest.xml:42:9-45:46
72            android:name="com.example.miaplicacionmovil.ListFacultyActivity"
72-->src\main\AndroidManifest.xml:43:13-48
73            android:exported="false"
73-->src\main\AndroidManifest.xml:44:13-37
74            android:theme="@style/AppTheme" />
74-->src\main\AndroidManifest.xml:45:13-44
75        <activity
75-->src\main\AndroidManifest.xml:46:9-55:20
76            android:name="com.example.miaplicacionmovil.SplashActivity"
76-->src\main\AndroidManifest.xml:47:13-43
77            android:exported="true"
77-->src\main\AndroidManifest.xml:48:13-36
78            android:theme="@style/AppTheme" >
78-->src\main\AndroidManifest.xml:49:13-44
79            <intent-filter>
79-->src\main\AndroidManifest.xml:50:13-54:29
80                <action android:name="android.intent.action.MAIN" />
80-->src\main\AndroidManifest.xml:51:17-69
80-->src\main\AndroidManifest.xml:51:25-66
81
82                <category android:name="android.intent.category.LAUNCHER" />
82-->src\main\AndroidManifest.xml:53:17-77
82-->src\main\AndroidManifest.xml:53:27-74
83            </intent-filter>
84        </activity>
85        <activity
85-->src\main\AndroidManifest.xml:56:9-59:47
86            android:name="com.example.miaplicacionmovil.ActivitySlide"
86-->src\main\AndroidManifest.xml:57:13-42
87            android:label="Tutorial"
87-->src\main\AndroidManifest.xml:58:13-37
88            android:theme="@style/AppTheme" />
88-->src\main\AndroidManifest.xml:59:13-44
89        <activity
89-->src\main\AndroidManifest.xml:60:9-63:47
90            android:name="com.example.miaplicacionmovil.MenuActivity"
90-->src\main\AndroidManifest.xml:61:13-41
91            android:exported="false"
91-->src\main\AndroidManifest.xml:62:13-37
92            android:theme="@style/AppTheme" />
92-->src\main\AndroidManifest.xml:63:13-44
93        <activity
93-->src\main\AndroidManifest.xml:64:9-67:47
94            android:name="com.example.miaplicacionmovil.ActivityQR"
94-->src\main\AndroidManifest.xml:65:13-39
95            android:exported="false"
95-->src\main\AndroidManifest.xml:66:13-37
96            android:theme="@style/AppTheme" />
96-->src\main\AndroidManifest.xml:67:13-44
97        <activity
97-->src\main\AndroidManifest.xml:68:9-71:47
98            android:name="com.example.miaplicacionmovil.ActivityMaps"
98-->src\main\AndroidManifest.xml:69:13-41
99            android:exported="false"
99-->src\main\AndroidManifest.xml:70:13-37
100            android:theme="@style/AppTheme" />
100-->src\main\AndroidManifest.xml:71:13-44
101        <activity
101-->src\main\AndroidManifest.xml:72:9-75:47
102            android:name="com.example.miaplicacionmovil.ActivityInfo"
102-->src\main\AndroidManifest.xml:73:13-41
103            android:exported="false"
103-->src\main\AndroidManifest.xml:74:13-37
104            android:theme="@style/AppTheme" />
104-->src\main\AndroidManifest.xml:75:13-44
105        <activity
105-->src\main\AndroidManifest.xml:76:9-79:47
106            android:name="com.example.miaplicacionmovil.ActivityTransporte"
106-->src\main\AndroidManifest.xml:77:13-47
107            android:exported="false"
107-->src\main\AndroidManifest.xml:78:13-37
108            android:theme="@style/AppTheme" />
108-->src\main\AndroidManifest.xml:79:13-44
109        <activity
109-->src\main\AndroidManifest.xml:80:9-83:47
110            android:name="com.example.miaplicacionmovil.ActivityBecasyErasmus"
110-->src\main\AndroidManifest.xml:81:13-50
111            android:exported="false"
111-->src\main\AndroidManifest.xml:82:13-37
112            android:theme="@style/AppTheme" />
112-->src\main\AndroidManifest.xml:83:13-44
113        <activity
113-->src\main\AndroidManifest.xml:84:9-87:47
114            android:name="com.example.miaplicacionmovil.ActivityComedor"
114-->src\main\AndroidManifest.xml:85:13-44
115            android:exported="false"
115-->src\main\AndroidManifest.xml:86:13-37
116            android:theme="@style/AppTheme" />
116-->src\main\AndroidManifest.xml:87:13-44
117        <activity
117-->src\main\AndroidManifest.xml:89:9-92:47
118            android:name="com.example.miaplicacionmovil.FragmentDialogFlow"
118-->src\main\AndroidManifest.xml:90:13-47
119            android:screenOrientation="portrait"
119-->src\main\AndroidManifest.xml:91:13-49
120            android:theme="@style/AppTheme" />
120-->src\main\AndroidManifest.xml:92:13-44
121        <!-- Needs to be explicitly declared on P+ -->
122        <uses-library
122-->[com.google.android.gms:play-services-maps:18.2.0] AndroidManifest.xml:39:9-41:40
123            android:name="org.apache.http.legacy"
123-->[com.google.android.gms:play-services-maps:18.2.0] AndroidManifest.xml:40:13-50
124            android:required="false" />
124-->[com.google.android.gms:play-services-maps:18.2.0] AndroidManifest.xml:41:13-37
125
126        <activity
126-->[com.google.android.gms:play-services-base:18.1.0] AndroidManifest.xml:20:9-22:45
127            android:name="com.google.android.gms.common.api.GoogleApiActivity"
127-->[com.google.android.gms:play-services-base:18.1.0] AndroidManifest.xml:20:19-85
128            android:exported="false"
128-->[com.google.android.gms:play-services-base:18.1.0] AndroidManifest.xml:22:19-43
129            android:theme="@android:style/Theme.Translucent.NoTitleBar" />
129-->[com.google.android.gms:play-services-base:18.1.0] AndroidManifest.xml:21:19-78
130
131        <meta-data
131-->[com.google.android.gms:play-services-basement:18.1.0] AndroidManifest.xml:21:9-23:69
132            android:name="com.google.android.gms.version"
132-->[com.google.android.gms:play-services-basement:18.1.0] AndroidManifest.xml:22:13-58
133            android:value="@integer/google_play_services_version" />
133-->[com.google.android.gms:play-services-basement:18.1.0] AndroidManifest.xml:23:13-66
134
135        <provider
135-->[androidx.emoji2:emoji2:1.2.0] AndroidManifest.xml:24:9-32:20
136            android:name="androidx.startup.InitializationProvider"
136-->[androidx.emoji2:emoji2:1.2.0] AndroidManifest.xml:25:13-67
137            android:authorities="com.example.miaplicacionmovil.androidx-startup"
137-->[androidx.emoji2:emoji2:1.2.0] AndroidManifest.xml:26:13-68
138            android:exported="false" >
138-->[androidx.emoji2:emoji2:1.2.0] AndroidManifest.xml:27:13-37
139            <meta-data
139-->[androidx.emoji2:emoji2:1.2.0] AndroidManifest.xml:29:13-31:52
140                android:name="androidx.emoji2.text.EmojiCompatInitializer"
140-->[androidx.emoji2:emoji2:1.2.0] AndroidManifest.xml:30:17-75
141                android:value="androidx.startup" />
141-->[androidx.emoji2:emoji2:1.2.0] AndroidManifest.xml:31:17-49
142            <meta-data
142-->[androidx.lifecycle:lifecycle-process:2.6.1] AndroidManifest.xml:29:13-31:52
143                android:name="androidx.lifecycle.ProcessLifecycleInitializer"
143-->[androidx.lifecycle:lifecycle-process:2.6.1] AndroidManifest.xml:30:17-78
144                android:value="androidx.startup" />
144-->[androidx.lifecycle:lifecycle-process:2.6.1] AndroidManifest.xml:31:17-49
145            <meta-data
145-->[androidx.profileinstaller:profileinstaller:1.3.0] AndroidManifest.xml:29:13-31:52
146                android:name="androidx.profileinstaller.ProfileInstallerInitializer"
146-->[androidx.profileinstaller:profileinstaller:1.3.0] AndroidManifest.xml:30:17-85
147                android:value="androidx.startup" />
147-->[androidx.profileinstaller:profileinstaller:1.3.0] AndroidManifest.xml:31:17-49
148        </provider>
149
150        <receiver
150-->[androidx.profileinstaller:profileinstaller:1.3.0] AndroidManifest.xml:34:9-52:20
151            android:name="androidx.profileinstaller.ProfileInstallReceiver"
151-->[androidx.profileinstaller:profileinstaller:1.3.0] AndroidManifest.xml:35:13-76
152            android:directBootAware="false"
152-->[androidx.profileinstaller:profileinstaller:1.3.0] AndroidManifest.xml:36:13-44
153            android:enabled="true"
153-->[androidx.profileinstaller:profileinstaller:1.3.0] AndroidManifest.xml:37:13-35
154            android:exported="true"
154-->[androidx.profileinstaller:profileinstaller:1.3.0] AndroidManifest.xml:38:13-36
155            android:permission="android.permission.DUMP" >
155-->[androidx.profileinstaller:profileinstaller:1.3.0] AndroidManifest.xml:39:13-57
156            <intent-filter>
156-->[androidx.profileinstaller:profileinstaller:1.3.0] AndroidManifest.xml:40:13-42:29
157                <action android:name="androidx.profileinstaller.action.INSTALL_PROFILE" />
157-->[androidx.profileinstaller:profileinstaller:1.3.0] AndroidManifest.xml:41:17-91
157-->[androidx.profileinstaller:profileinstaller:1.3.0] AndroidManifest.xml:41:25-88
158            </intent-filter>
159            <intent-filter>
159-->[androidx.profileinstaller:profileinstaller:1.3.0] AndroidManifest.xml:43:13-45:29
160                <action android:name="androidx.profileinstaller.action.SKIP_FILE" />
160-->[androidx.profileinstaller:profileinstaller:1.3.0] AndroidManifest.xml:44:17-85
160-->[androidx.profileinstaller:profileinstaller:1.3.0] AndroidManifest.xml:44:25-82
161            </intent-filter>
162            <intent-filter>
162-->[androidx.profileinstaller:profileinstaller:1.3.0] AndroidManifest.xml:46:13-48:29
163                <action android:name="androidx.profileinstaller.action.SAVE_PROFILE" />
163-->[androidx.profileinstaller:profileinstaller:1.3.0] AndroidManifest.xml:47:17-88
163-->[androidx.profileinstaller:profileinstaller:1.3.0] AndroidManifest.xml:47:25-85
164            </intent-filter>
165            <intent-filter>
165-->[androidx.profileinstaller:profileinstaller:1.3.0] AndroidManifest.xml:49:13-51:29
166                <action android:name="androidx.profileinstaller.action.BENCHMARK_OPERATION" />
166-->[androidx.profileinstaller:profileinstaller:1.3.0] AndroidManifest.xml:50:17-95
166-->[androidx.profileinstaller:profileinstaller:1.3.0] AndroidManifest.xml:50:25-92
167            </intent-filter>
168        </receiver>
169    </application>
170
171</manifest>